warn: Unauthorized ADMIN access by manager@123.com {"timestamp":"2025-06-25T11:22:10.627Z"}
warn: Unauthorized ADMIN access by manager@123.com {"timestamp":"2025-06-25T11:22:10.682Z"}
warn: Unauthorized ADMIN access by user@123.com {"timestamp":"2025-06-25T11:22:31.097Z"}
warn: Unauthorized ADMIN access by user@123.com {"timestamp":"2025-06-25T11:22:31.109Z"}
warn: Unauthorized ADMIN access by user@123.com {"timestamp":"2025-06-25T11:22:55.733Z"}
warn: Unauthorized ADMIN access by user@123.com {"timestamp":"2025-06-25T11:22:55.742Z"}
warn: Unauthorized ADMIN access by manager@123.com {"timestamp":"2025-06-25T11:51:11.223Z"}
warn: Unauthorized ADMIN access by manager@123.com {"timestamp":"2025-06-25T11:51:11.241Z"}
warn: Unauthorized ADMIN access by manager@123.com {"timestamp":"2025-06-25T11:56:56.466Z"}
warn: Unauthorized ADMIN access by manager@123.com {"timestamp":"2025-06-25T11:56:56.509Z"}
warn: Unauthorized ADMIN access by user@123.com {"timestamp":"2025-06-25T11:57:22.047Z"}
warn: Unauthorized ADMIN access by user@123.com {"timestamp":"2025-06-25T11:57:22.053Z"}
warn: Unauthorized ADMIN access by user@123.com {"timestamp":"2025-06-25T11:57:29.383Z"}
warn: Unauthorized ADMIN access by user@123.com {"timestamp":"2025-06-25T11:57:29.390Z"}
warn: Unauthorized ADMIN access by user@123.com {"timestamp":"2025-06-25T11:57:31.243Z"}
warn: Unauthorized ADMIN access by user@123.com {"timestamp":"2025-06-25T11:57:31.250Z"}
warn: Unauthorized ADMIN access by manager@123.com {"timestamp":"2025-06-26T03:49:44.718Z"}
warn: Unauthorized ADMIN access by manager@123.com {"timestamp":"2025-06-26T03:49:44.731Z"}
warn: Unauthorized ADMIN access by manager@123.com {"timestamp":"2025-06-26T03:55:28.490Z"}
warn: Unauthorized ADMIN access by manager@123.com {"timestamp":"2025-06-26T03:55:28.499Z"}
warn: Unauthorized ADMIN access by manager@123.com {"timestamp":"2025-06-26T03:57:32.768Z"}
warn: Unauthorized ADMIN access by manager@123.com {"timestamp":"2025-06-26T03:57:32.777Z"}
warn: Unauthorized ADMIN access by manager@123.com {"timestamp":"2025-06-26T03:57:51.149Z"}
warn: Unauthorized ADMIN access by manager@123.com {"timestamp":"2025-06-26T03:57:51.165Z"}
warn: Unauthorized ADMIN access by manager@123.com {"timestamp":"2025-06-26T03:59:52.118Z"}
warn: Unauthorized ADMIN access by manager@123.com {"timestamp":"2025-06-26T03:59:52.138Z"}
warn: Unauthorized project access by user@123.com {"timestamp":"2025-06-26T05:15:15.805Z"}
warn: Unauthorized project access by user@123.com {"timestamp":"2025-06-26T05:15:15.826Z"}
error: Failed to delete task: 
Invalid `prisma.task.findUnique()` invocation:

{
  where: {
+   id: Int
  }
}

Argument `id` is missing. {"clientVersion":"6.10.1","name":"PrismaClientValidationError","stack":"PrismaClientValidationError: \nInvalid `prisma.task.findUnique()` invocation:\n\n{\n  where: {\n+   id: Int\n  }\n}\n\nArgument `id` is missing.\n    at kn (D:\\Dturn\\TASK\\backend\\node_modules\\@prisma\\client\\runtime\\library.js:29:1363)\n    at Zn.handleRequestError (D:\\Dturn\\TASK\\backend\\node_modules\\@prisma\\client\\runtime\\library.js:121:7102)\n    at Zn.handleAndLogRequestError (D:\\Dturn\\TASK\\backend\\node_modules\\@prisma\\client\\runtime\\library.js:121:6784)\n    at Zn.request (D:\\Dturn\\TASK\\backend\\node_modules\\@prisma\\client\\runtime\\library.js:121:6491)\n    at async l (D:\\Dturn\\TASK\\backend\\node_modules\\@prisma\\client\\runtime\\library.js:130:9778)\n    at async deleteTask (file:///D:/Dturn/TASK/backend/controllers/taskController.js:54:18)","timestamp":"2025-06-26T05:51:01.432Z"}
error: Failed to delete task: 
Invalid `prisma.task.findUnique()` invocation:

{
  where: {
+   id: Int
  }
}

Argument `id` is missing. {"clientVersion":"6.10.1","name":"PrismaClientValidationError","stack":"PrismaClientValidationError: \nInvalid `prisma.task.findUnique()` invocation:\n\n{\n  where: {\n+   id: Int\n  }\n}\n\nArgument `id` is missing.\n    at kn (D:\\Dturn\\TASK\\backend\\node_modules\\@prisma\\client\\runtime\\library.js:29:1363)\n    at Zn.handleRequestError (D:\\Dturn\\TASK\\backend\\node_modules\\@prisma\\client\\runtime\\library.js:121:7102)\n    at Zn.handleAndLogRequestError (D:\\Dturn\\TASK\\backend\\node_modules\\@prisma\\client\\runtime\\library.js:121:6784)\n    at Zn.request (D:\\Dturn\\TASK\\backend\\node_modules\\@prisma\\client\\runtime\\library.js:121:6491)\n    at async l (D:\\Dturn\\TASK\\backend\\node_modules\\@prisma\\client\\runtime\\library.js:130:9778)\n    at async deleteTask (file:///D:/Dturn/TASK/backend/controllers/taskController.js:54:18)","timestamp":"2025-06-26T05:51:05.026Z"}
error: Failed to delete task: 
Invalid `prisma.task.findUnique()` invocation:

{
  where: {
+   id: Int
  }
}

Argument `id` is missing. {"clientVersion":"6.10.1","name":"PrismaClientValidationError","stack":"PrismaClientValidationError: \nInvalid `prisma.task.findUnique()` invocation:\n\n{\n  where: {\n+   id: Int\n  }\n}\n\nArgument `id` is missing.\n    at kn (D:\\Dturn\\TASK\\backend\\node_modules\\@prisma\\client\\runtime\\library.js:29:1363)\n    at Zn.handleRequestError (D:\\Dturn\\TASK\\backend\\node_modules\\@prisma\\client\\runtime\\library.js:121:7102)\n    at Zn.handleAndLogRequestError (D:\\Dturn\\TASK\\backend\\node_modules\\@prisma\\client\\runtime\\library.js:121:6784)\n    at Zn.request (D:\\Dturn\\TASK\\backend\\node_modules\\@prisma\\client\\runtime\\library.js:121:6491)\n    at async l (D:\\Dturn\\TASK\\backend\\node_modules\\@prisma\\client\\runtime\\library.js:130:9778)\n    at async deleteTask (file:///D:/Dturn/TASK/backend/controllers/taskController.js:54:18)","timestamp":"2025-06-26T05:51:18.815Z"}
error: Failed to delete task: 
Invalid `prisma.task.findUnique()` invocation:

{
  where: {
+   id: Int
  }
}

Argument `id` is missing. {"clientVersion":"6.10.1","name":"PrismaClientValidationError","stack":"PrismaClientValidationError: \nInvalid `prisma.task.findUnique()` invocation:\n\n{\n  where: {\n+   id: Int\n  }\n}\n\nArgument `id` is missing.\n    at kn (D:\\Dturn\\TASK\\backend\\node_modules\\@prisma\\client\\runtime\\library.js:29:1363)\n    at Zn.handleRequestError (D:\\Dturn\\TASK\\backend\\node_modules\\@prisma\\client\\runtime\\library.js:121:7102)\n    at Zn.handleAndLogRequestError (D:\\Dturn\\TASK\\backend\\node_modules\\@prisma\\client\\runtime\\library.js:121:6784)\n    at Zn.request (D:\\Dturn\\TASK\\backend\\node_modules\\@prisma\\client\\runtime\\library.js:121:6491)\n    at async l (D:\\Dturn\\TASK\\backend\\node_modules\\@prisma\\client\\runtime\\library.js:130:9778)\n    at async deleteTask (file:///D:/Dturn/TASK/backend/controllers/taskController.js:54:18)","timestamp":"2025-06-26T05:55:27.220Z"}
warn: Unauthorized project access by kumardhanush730@gmail.com {"timestamp":"2025-06-26T10:18:45.907Z"}
warn: Unauthorized project access by kumardhanush730@gmail.com {"timestamp":"2025-06-26T10:19:16.356Z"}
warn: Unauthorized project access by kumardhanush730@gmail.com {"timestamp":"2025-06-26T10:19:46.351Z"}
warn: Unauthorized project access by kumardhanush730@gmail.com {"timestamp":"2025-06-26T10:20:15.920Z"}
warn: Unauthorized project access by kumardhanush730@gmail.com {"timestamp":"2025-06-26T10:20:46.352Z"}
warn: Unauthorized project access by kumardhanush730@gmail.com {"timestamp":"2025-06-26T10:21:16.358Z"}
warn: Unauthorized project access by kumardhanush730@gmail.com {"timestamp":"2025-06-26T10:21:22.586Z"}
warn: Unauthorized project access by kumardhanush730@gmail.com {"timestamp":"2025-06-26T10:21:22.594Z"}
warn: Unauthorized project access by kumardhanush730@gmail.com {"timestamp":"2025-06-26T10:21:44.654Z"}
warn: Unauthorized project access by kumardhanush730@gmail.com {"timestamp":"2025-06-26T10:21:44.664Z"}
warn: Unauthorized project access by user@123.com {"timestamp":"2025-06-27T07:21:40.676Z"}
warn: Unauthorized project access by user@123.com {"timestamp":"2025-06-27T07:21:40.702Z"}
warn: Unauthorized project access by user@123.com {"timestamp":"2025-06-27T09:13:36.924Z"}
warn: Unauthorized project access by user@123.com {"timestamp":"2025-06-27T09:14:06.920Z"}
warn: Unauthorized project access by user@123.com {"timestamp":"2025-06-27T09:14:36.924Z"}
warn: Unauthorized project access by user@123.com {"timestamp":"2025-06-27T09:15:06.914Z"}
warn: Unauthorized project access by user@123.com {"timestamp":"2025-06-27T09:15:36.914Z"}
warn: Unauthorized project access by user@123.com {"timestamp":"2025-06-27T09:42:59.958Z"}
warn: Unauthorized project access by user@123.com {"timestamp":"2025-07-01T13:49:52.439Z"}
